<?xml version="1.0" encoding="utf-8" standalone="no"?>
<!--This file represents the results of running a test suite-->
<test-results name="C:\github\beyondunits\build\output\BeyondUnitsDemo.Tests.dll" total="1" errors="0" failures="0" not-run="0" inconclusive="0" ignored="0" skipped="0" invalid="0" date="2014-02-23" time="07:07:58">
  <environment nunit-version="2.6.3.13283" clr-version="2.0.50727.5472" os-version="Microsoft Windows NT 6.1.7601 Service Pack 1" platform="Win32NT" cwd="C:\github\beyondunits\build" machine-name="RANDYSAVAGE-PC" user="randy savage" user-domain="randysavage-PC" />
  <culture-info current-culture="en-AU" current-uiculture="en-US" />
  <test-suite type="Assembly" name="C:\github\beyondunits\build\output\BeyondUnitsDemo.Tests.dll" executed="True" result="Success" success="True" time="0.068" asserts="0">
    <results>
      <test-suite type="Namespace" name="BeyondUnitsDemo" executed="True" result="Success" success="True" time="0.049" asserts="0">
        <results>
          <test-suite type="Namespace" name="Tests" executed="True" result="Success" success="True" time="0.049" asserts="0">
            <results>
              <test-suite type="TestFixture" name="BinaryComparisonTests" executed="True" result="Success" success="True" time="0.046" asserts="0">
                <results>
                  <test-case name="BeyondUnitsDemo.Tests.BinaryComparisonTests.Can_run_a_unit_test" executed="True" result="Success" success="True" time="0.034" asserts="1" />
                </results>
              </test-suite>
            </results>
          </test-suite>
        </results>
      </test-suite>
    </results>
  </test-suite>
</test-results>